android/app/build/intermediates/manifest_merge_blame_file/release/manifest-merger-blame-release-report.txt
1<?xml version="1.0" encoding="utf-8"?>
2<manifest xmlns:android="http://schemas.android.com/apk/res/android"
3    package="com.demoapp"
4    android:versionCode="1"
5    android:versionName="1.0" >
6
7    <uses-sdk
8        android:minSdkVersion="16"
8-->src/main/AndroidManifest.xml
9        android:targetSdkVersion="28" />
9-->src/main/AndroidManifest.xml
10
11    <uses-permission android:name="android.permission.INTERNET" />
11-->src/main/AndroidManifest.xml:4:5-67
11-->src/main/AndroidManifest.xml:4:22-64
12    <uses-permission android:name="android.permission.ACCESS_FINE_LOCATION" />
12-->src/main/AndroidManifest.xml:5:1-75
12-->src/main/AndroidManifest.xml:5:18-72
13    <uses-permission android:name="android.permission.ACCESS_COARSE_LOCATION" /> <!-- Include required permissions for Google Maps API to run. -->
13-->[:react-native-maps] AndroidManifest.xml:10:5-81
13-->[:react-native-maps] AndroidManifest.xml:10:22-78
14    <uses-permission android:name="android.permission.ACCESS_NETWORK_STATE" />
14-->[com.google.android.gms:play-services-maps:17.0.0] AndroidManifest.xml:23:5-79
14-->[com.google.android.gms:play-services-maps:17.0.0] AndroidManifest.xml:23:22-76
15
16    <uses-feature
16-->[com.google.android.gms:play-services-maps:17.0.0] AndroidManifest.xml:26:5-28:35
17        android:glEsVersion="0x00020000"
17-->[com.google.android.gms:play-services-maps:17.0.0] AndroidManifest.xml:27:9-41
18        android:required="true" />
18-->[com.google.android.gms:play-services-maps:17.0.0] AndroidManifest.xml:28:9-32
19
20    <application
20-->src/main/AndroidManifest.xml:7:5-32:19
21        android:name="com.demoapp.MainApplication"
21-->src/main/AndroidManifest.xml:8:7-38
22        android:allowBackup="false"
22-->src/main/AndroidManifest.xml:12:7-34
23        android:appComponentFactory="androidx.core.app.CoreComponentFactory"
23-->[androidx.core:core:1.1.0] AndroidManifest.xml:24:18-86
24        android:icon="@mipmap/ic_launcher"
24-->src/main/AndroidManifest.xml:10:7-41
25        android:label="@string/app_name"
25-->src/main/AndroidManifest.xml:9:7-39
26        android:roundIcon="@mipmap/ic_launcher_round"
26-->src/main/AndroidManifest.xml:11:7-52
27        android:theme="@style/AppTheme" >
27-->src/main/AndroidManifest.xml:13:7-38
28        <activity
28-->src/main/AndroidManifest.xml:14:7-24:18
29            android:name="com.demoapp.MainActivity"
29-->src/main/AndroidManifest.xml:15:9-37
30            android:configChanges="keyboard|keyboardHidden|orientation|screenSize|uiMode"
30-->src/main/AndroidManifest.xml:17:9-86
31            android:label="@string/app_name"
31-->src/main/AndroidManifest.xml:16:9-41
32            android:launchMode="singleTask"
32-->src/main/AndroidManifest.xml:18:9-40
33            android:windowSoftInputMode="adjustResize" >
33-->src/main/AndroidManifest.xml:19:9-51
34            <intent-filter>
34-->src/main/AndroidManifest.xml:20:9-23:25
35                <action android:name="android.intent.action.MAIN" />
35-->src/main/AndroidManifest.xml:21:13-65
35-->src/main/AndroidManifest.xml:21:21-62
36
37                <category android:name="android.intent.category.LAUNCHER" />
37-->src/main/AndroidManifest.xml:22:13-73
37-->src/main/AndroidManifest.xml:22:23-70
38            </intent-filter>
39        </activity>
40        <activity android:name="com.facebook.react.devsupport.DevSettingsActivity" />
40-->src/main/AndroidManifest.xml:25:7-84
40-->src/main/AndroidManifest.xml:25:17-81
41
42        <meta-data
42-->src/main/AndroidManifest.xml:26:7-28:63
43            android:name="com.google.android.geo.API_KEY"
43-->src/main/AndroidManifest.xml:27:6-51
44            android:value="AIzaSyAb8v0MDaUBY_vpHjZW6Jc0Pa98cCYifEo" />
44-->src/main/AndroidManifest.xml:28:6-61
45
46        <!-- You will also only need to add this uses-library tag -->
47        <uses-library
47-->src/main/AndroidManifest.xml:31:4-82
48            android:name="org.apache.http.legacy"
48-->src/main/AndroidManifest.xml:31:18-55
49            android:required="false" />
49-->src/main/AndroidManifest.xml:31:56-80
50
51        <activity
51-->[com.google.android.gms:play-services-base:17.0.0] AndroidManifest.xml:23:9-26:75
52            android:name="com.google.android.gms.common.api.GoogleApiActivity"
52-->[com.google.android.gms:play-services-base:17.0.0] AndroidManifest.xml:24:13-79
53            android:exported="false"
53-->[com.google.android.gms:play-services-base:17.0.0] AndroidManifest.xml:25:13-37
54            android:theme="@android:style/Theme.Translucent.NoTitleBar" />
54-->[com.google.android.gms:play-services-base:17.0.0] AndroidManifest.xml:26:13-72
55
56        <meta-data
56-->[com.google.android.gms:play-services-basement:17.0.0] AndroidManifest.xml:23:9-25:69
57            android:name="com.google.android.gms.version"
57-->[com.google.android.gms:play-services-basement:17.0.0] AndroidManifest.xml:24:13-58
58            android:value="@integer/google_play_services_version" />
58-->[com.google.android.gms:play-services-basement:17.0.0] AndroidManifest.xml:25:13-66
59    </application>
60
61</manifest>